<?xml version="1.0" encoding="UTF-8"?>
<!-- Generated by org.testng.reporters.JUnitReportReporter -->
<testsuite hostname="NGBLR-00763" name="Reports.HomePage" tests="2" failures="0" timestamp="28 Dec 2020 21:45:21 GMT" time="7.092" errors="0">
  <testcase name="baseNavigation" time="4.340" classname="Reports.HomePage"/>
  <testcase name="baseNavigation" time="2.752" classname="Reports.HomePage"/>
</testsuite> <!-- Reports.HomePage -->
