<?xml version="1.0" encoding="UTF-8"?>
<!-- Generated by org.testng.reporters.JUnitReportReporter -->
<testsuite hostname="NGBLR-00763" name="Reports.HomePage" tests="2" failures="0" timestamp="28 Dec 2020 22:00:07 GMT" time="10.101" errors="0">
  <testcase name="baseNavigation" time="6.834" classname="Reports.HomePage"/>
  <testcase name="baseNavigation" time="3.267" classname="Reports.HomePage"/>
</testsuite> <!-- Reports.HomePage -->
